Arguments: 
  /usr/local/bin/node /usr/local/bin/yarn build

PATH: 
  /opt/local/bin:/opt/local/sbin:/usr/local/mysql/bin:/usr/local/bin:/usr/bin:/bin:/usr/sbin:/sbin

Yarn version: 
  1.3.2

Node version: 
  8.9.4

Platform: 
  darwin x64

npm manifest: 
  {
    "name": "portfolio",
    "version": "1.0.0",
    "description": "My Portfolio",
    "main": "index.js",
    "scripts": {
      "build": "webpack",
      "watch": "webpack --w",
      "format": "prettier --write --single-quote --print-width=120 --parser=flow --tab-width=2 \"src/js/*.{js,jsx}\"",
      "lint": "eslint **/*.{js,jsx} --quiet"
    },
    "author": "Wenlong Yu",
    "license": "ISC",
    "dependencies": {
      // "eslint-config-airbnb": "^16.1.0",
      "react": "^16.2.0",
      "react-dom": "^16.2.0",
      "webpack": "^3.11.0"
    },
    "devDependencies": {
      "babel-core": "^6.26.0",
      "babel-loader": "^7.1.2",
      "babel-preset-env": "^1.6.1",
      "babel-preset-react": "^6.24.1"
    }
  }

yarn manifest: 
  No manifest

Lockfile: 
  No lockfile

Trace: 
  SyntaxError: /Users/wenlongyu/myShit/Web Development/Portfolio/package.json: Unexpected token / in JSON at position 404
      at JSON.parse (<anonymous>)
      at /usr/local/lib/node_modules/yarn/lib/cli.js:770:59
      at Generator.next (<anonymous>)
      at step (/usr/local/lib/node_modules/yarn/lib/cli.js:92:30)
      at /usr/local/lib/node_modules/yarn/lib/cli.js:103:13
      at <anonymous>
